<?xml version="1.0" encoding="UTF-8" ?>
<testsuite tests="1" failures="0" name="recommend.AppTest" time="0.011" errors="0" skipped="0">
  <properties>
    <property name="java.runtime.name" value="Java(TM) SE Runtime Environment"/>
    <property name="sun.boot.library.path" value="/Library/Java/JavaVirtualMachines/jdk1.8.0_131.jdk/Contents/Home/jre/lib"/>
    <property name="java.vm.version" value="25.131-b11"/>
    <property name="gopherProxySet" value="false"/>
    <property name="java.vm.vendor" value="Oracle Corporation"/>
    <property name="java.vendor.url" value="http://java.oracle.com/"/>
    <property name="path.separator" value=":"/>
    <property name="java.vm.name" value="Java HotSpot(TM) 64-Bit Server VM"/>
    <property name="file.encoding.pkg" value="sun.io"/>
    <property name="user.country" value="CN"/>
    <property name="sun.java.launcher" value="SUN_STANDARD"/>
    <property name="sun.os.patch.level" value="unknown"/>
    <property name="java.vm.specification.name" value="Java Virtual Machine Specification"/>
    <property name="user.dir" value="/Users/qiguo/Documents/workspace/eclipseWork/recommend"/>
    <property name="java.runtime.version" value="1.8.0_131-b11"/>
    <property name="java.awt.graphicsenv" value="sun.awt.CGraphicsEnvironment"/>
    <property name="basedir" value="/Users/qiguo/Documents/workspace/eclipseWork/recommend"/>
    <property name="java.endorsed.dirs" value="/Library/Java/JavaVirtualMachines/jdk1.8.0_131.jdk/Contents/Home/jre/lib/endorsed"/>
    <property name="os.arch" value="x86_64"/>
    <property name="surefire.real.class.path" value="/Users/qiguo/Documents/workspace/eclipseWork/recommend/target/surefire/surefirebooter7792744819883935834.jar"/>
    <property name="java.io.tmpdir" value="/var/folders/fz/m9ztwsw133zd0049614mjq7m0000gn/T/"/>
    <property name="line.separator" value="
"/>
    <property name="java.vm.specification.vendor" value="Oracle Corporation"/>
    <property name="os.name" value="Mac OS X"/>
    <property name="sun.jnu.encoding" value="UTF-8"/>
    <property name="java.library.path" value="/Users/qiguo/Library/Java/Extensions:/Library/Java/Extensions:/Network/Library/Java/Extensions:/System/Library/Java/Extensions:/usr/lib/java:."/>
    <property name="surefire.test.class.path" value="/Users/qiguo/Documents/workspace/eclipseWork/recommend/target/test-classes:/Users/qiguo/Documents/workspace/eclipseWork/recommend/target/classes:/Users/qiguo/.m2/repository/junit/junit/3.8.1/junit-3.8.1.jar:/Users/qiguo/.m2/repository/org/apache/hadoop/hadoop-mapreduce-client-core/2.6.0-cdh5.7.1/hadoop-mapreduce-client-core-2.6.0-cdh5.7.1.jar:/Users/qiguo/.m2/repository/org/apache/hadoop/hadoop-yarn-common/2.6.0-cdh5.7.1/hadoop-yarn-common-2.6.0-cdh5.7.1.jar:/Users/qiguo/.m2/repository/org/apache/hadoop/hadoop-yarn-api/2.6.0-cdh5.7.1/hadoop-yarn-api-2.6.0-cdh5.7.1.jar:/Users/qiguo/.m2/repository/javax/xml/bind/jaxb-api/2.2.2/jaxb-api-2.2.2.jar:/Users/qiguo/.m2/repository/javax/xml/stream/stax-api/1.0-2/stax-api-1.0-2.jar:/Users/qiguo/.m2/repository/javax/activation/activation/1.1/activation-1.1.jar:/Users/qiguo/.m2/repository/com/sun/jersey/jersey-client/1.9/jersey-client-1.9.jar:/Users/qiguo/.m2/repository/org/codehaus/jackson/jackson-jaxrs/1.8.8/jackson-jaxrs-1.8.8.jar:/Users/qiguo/.m2/repository/org/codehaus/jackson/jackson-xc/1.8.8/jackson-xc-1.8.8.jar:/Users/qiguo/.m2/repository/com/google/inject/guice/3.0/guice-3.0.jar:/Users/qiguo/.m2/repository/javax/inject/javax.inject/1/javax.inject-1.jar:/Users/qiguo/.m2/repository/aopalliance/aopalliance/1.0/aopalliance-1.0.jar:/Users/qiguo/.m2/repository/com/sun/jersey/contribs/jersey-guice/1.9/jersey-guice-1.9.jar:/Users/qiguo/.m2/repository/com/google/protobuf/protobuf-java/2.5.0/protobuf-java-2.5.0.jar:/Users/qiguo/.m2/repository/org/apache/avro/avro/1.7.6-cdh5.7.1/avro-1.7.6-cdh5.7.1.jar:/Users/qiguo/.m2/repository/com/thoughtworks/paranamer/paranamer/2.3/paranamer-2.3.jar:/Users/qiguo/.m2/repository/org/xerial/snappy/snappy-java/1.0.4.1/snappy-java-1.0.4.1.jar:/Users/qiguo/.m2/repository/org/slf4j/slf4j-api/1.7.5/slf4j-api-1.7.5.jar:/Users/qiguo/.m2/repository/org/slf4j/slf4j-log4j12/1.7.5/slf4j-log4j12-1.7.5.jar:/Users/qiguo/.m2/repository/org/apache/hadoop/hadoop-annotations/2.6.0-cdh5.7.1/hadoop-annotations-2.6.0-cdh5.7.1.jar:/Users/qiguo/.m2/repository/com/google/inject/extensions/guice-servlet/3.0/guice-servlet-3.0.jar:/Users/qiguo/.m2/repository/io/netty/netty/3.6.2.Final/netty-3.6.2.Final.jar:/Users/qiguo/.m2/repository/org/apache/hadoop/hadoop-hdfs/2.6.0-cdh5.7.1/hadoop-hdfs-2.6.0-cdh5.7.1.jar:/Users/qiguo/.m2/repository/com/google/guava/guava/11.0.2/guava-11.0.2.jar:/Users/qiguo/.m2/repository/org/mortbay/jetty/jetty/6.1.26.cloudera.4/jetty-6.1.26.cloudera.4.jar:/Users/qiguo/.m2/repository/org/mortbay/jetty/jetty-util/6.1.26.cloudera.4/jetty-util-6.1.26.cloudera.4.jar:/Users/qiguo/.m2/repository/com/sun/jersey/jersey-core/1.9/jersey-core-1.9.jar:/Users/qiguo/.m2/repository/com/sun/jersey/jersey-server/1.9/jersey-server-1.9.jar:/Users/qiguo/.m2/repository/asm/asm/3.1/asm-3.1.jar:/Users/qiguo/.m2/repository/commons-cli/commons-cli/1.2/commons-cli-1.2.jar:/Users/qiguo/.m2/repository/commons-codec/commons-codec/1.4/commons-codec-1.4.jar:/Users/qiguo/.m2/repository/commons-io/commons-io/2.4/commons-io-2.4.jar:/Users/qiguo/.m2/repository/commons-lang/commons-lang/2.6/commons-lang-2.6.jar:/Users/qiguo/.m2/repository/commons-logging/commons-logging/1.1.3/commons-logging-1.1.3.jar:/Users/qiguo/.m2/repository/commons-daemon/commons-daemon/1.0.13/commons-daemon-1.0.13.jar:/Users/qiguo/.m2/repository/javax/servlet/jsp/jsp-api/2.1/jsp-api-2.1.jar:/Users/qiguo/.m2/repository/log4j/log4j/1.2.17/log4j-1.2.17.jar:/Users/qiguo/.m2/repository/javax/servlet/servlet-api/2.5/servlet-api-2.5.jar:/Users/qiguo/.m2/repository/org/codehaus/jackson/jackson-core-asl/1.8.8/jackson-core-asl-1.8.8.jar:/Users/qiguo/.m2/repository/org/codehaus/jackson/jackson-mapper-asl/1.8.8/jackson-mapper-asl-1.8.8.jar:/Users/qiguo/.m2/repository/tomcat/jasper-runtime/5.5.23/jasper-runtime-5.5.23.jar:/Users/qiguo/.m2/repository/xmlenc/xmlenc/0.52/xmlenc-0.52.jar:/Users/qiguo/.m2/repository/io/netty/netty-all/4.0.23.Final/netty-all-4.0.23.Final.jar:/Users/qiguo/.m2/repository/xerces/xercesImpl/2.9.1/xercesImpl-2.9.1.jar:/Users/qiguo/.m2/repository/xml-apis/xml-apis/1.3.04/xml-apis-1.3.04.jar:/Users/qiguo/.m2/repository/org/apache/htrace/htrace-core4/4.0.1-incubating/htrace-core4-4.0.1-incubating.jar:/Users/qiguo/.m2/repository/org/fusesource/leveldbjni/leveldbjni-all/1.8/leveldbjni-all-1.8.jar:/Users/qiguo/.m2/repository/com/google/code/gson/gson/2.2.4/gson-2.2.4.jar:/Users/qiguo/.m2/repository/org/apache/hadoop/hadoop-common/2.6.0-cdh5.7.1/hadoop-common-2.6.0-cdh5.7.1.jar:/Users/qiguo/.m2/repository/org/apache/commons/commons-math3/3.1.1/commons-math3-3.1.1.jar:/Users/qiguo/.m2/repository/commons-httpclient/commons-httpclient/3.1/commons-httpclient-3.1.jar:/Users/qiguo/.m2/repository/commons-net/commons-net/3.1/commons-net-3.1.jar:/Users/qiguo/.m2/repository/commons-collections/commons-collections/3.2.2/commons-collections-3.2.2.jar:/Users/qiguo/.m2/repository/com/sun/jersey/jersey-json/1.9/jersey-json-1.9.jar:/Users/qiguo/.m2/repository/org/codehaus/jettison/jettison/1.1/jettison-1.1.jar:/Users/qiguo/.m2/repository/com/sun/xml/bind/jaxb-impl/2.2.3-1/jaxb-impl-2.2.3-1.jar:/Users/qiguo/.m2/repository/tomcat/jasper-compiler/5.5.23/jasper-compiler-5.5.23.jar:/Users/qiguo/.m2/repository/commons-el/commons-el/1.0/commons-el-1.0.jar:/Users/qiguo/.m2/repository/net/java/dev/jets3t/jets3t/0.9.0/jets3t-0.9.0.jar:/Users/qiguo/.m2/repository/org/apache/httpcomponents/httpclient/4.1.2/httpclient-4.1.2.jar:/Users/qiguo/.m2/repository/org/apache/httpcomponents/httpcore/4.1.2/httpcore-4.1.2.jar:/Users/qiguo/.m2/repository/com/jamesmurty/utils/java-xmlbuilder/0.4/java-xmlbuilder-0.4.jar:/Users/qiguo/.m2/repository/commons-configuration/commons-configuration/1.6/commons-configuration-1.6.jar:/Users/qiguo/.m2/repository/commons-digester/commons-digester/1.8/commons-digester-1.8.jar:/Users/qiguo/.m2/repository/commons-beanutils/commons-beanutils/1.7.0/commons-beanutils-1.7.0.jar:/Users/qiguo/.m2/repository/commons-beanutils/commons-beanutils-core/1.8.0/commons-beanutils-core-1.8.0.jar:/Users/qiguo/.m2/repository/org/apache/hadoop/hadoop-auth/2.6.0-cdh5.7.1/hadoop-auth-2.6.0-cdh5.7.1.jar:/Users/qiguo/.m2/repository/org/apache/directory/server/apacheds-kerberos-codec/2.0.0-M15/apacheds-kerberos-codec-2.0.0-M15.jar:/Users/qiguo/.m2/repository/org/apache/directory/server/apacheds-i18n/2.0.0-M15/apacheds-i18n-2.0.0-M15.jar:/Users/qiguo/.m2/repository/org/apache/directory/api/api-asn1-api/1.0.0-M20/api-asn1-api-1.0.0-M20.jar:/Users/qiguo/.m2/repository/org/apache/directory/api/api-util/1.0.0-M20/api-util-1.0.0-M20.jar:/Users/qiguo/.m2/repository/org/apache/curator/curator-framework/2.7.1/curator-framework-2.7.1.jar:/Users/qiguo/.m2/repository/com/jcraft/jsch/0.1.42/jsch-0.1.42.jar:/Users/qiguo/.m2/repository/org/apache/curator/curator-client/2.7.1/curator-client-2.7.1.jar:/Users/qiguo/.m2/repository/org/apache/curator/curator-recipes/2.7.1/curator-recipes-2.7.1.jar:/Users/qiguo/.m2/repository/com/google/code/findbugs/jsr305/3.0.0/jsr305-3.0.0.jar:/Users/qiguo/.m2/repository/org/apache/zookeeper/zookeeper/3.4.5-cdh5.7.1/zookeeper-3.4.5-cdh5.7.1.jar:/Users/qiguo/.m2/repository/org/apache/commons/commons-compress/1.4.1/commons-compress-1.4.1.jar:/Users/qiguo/.m2/repository/org/tukaani/xz/1.0/xz-1.0.jar:/Users/qiguo/.m2/repository/de/bwaldvogel/liblinear/1.95/liblinear-1.95.jar:"/>
    <property name="java.specification.name" value="Java Platform API Specification"/>
    <property name="java.class.version" value="52.0"/>
    <property name="sun.management.compiler" value="HotSpot 64-Bit Tiered Compilers"/>
    <property name="os.version" value="10.10.5"/>
    <property name="user.home" value="/Users/qiguo"/>
    <property name="user.timezone" value=""/>
    <property name="java.awt.printerjob" value="sun.lwawt.macosx.CPrinterJob"/>
    <property name="java.specification.version" value="1.8"/>
    <property name="file.encoding" value="UTF-8"/>
    <property name="user.name" value="qiguo"/>
    <property name="java.class.path" value="/Users/qiguo/Documents/workspace/eclipseWork/recommend/target/test-classes:/Users/qiguo/Documents/workspace/eclipseWork/recommend/target/classes:/Users/qiguo/.m2/repository/junit/junit/3.8.1/junit-3.8.1.jar:/Users/qiguo/.m2/repository/org/apache/hadoop/hadoop-mapreduce-client-core/2.6.0-cdh5.7.1/hadoop-mapreduce-client-core-2.6.0-cdh5.7.1.jar:/Users/qiguo/.m2/repository/org/apache/hadoop/hadoop-yarn-common/2.6.0-cdh5.7.1/hadoop-yarn-common-2.6.0-cdh5.7.1.jar:/Users/qiguo/.m2/repository/org/apache/hadoop/hadoop-yarn-api/2.6.0-cdh5.7.1/hadoop-yarn-api-2.6.0-cdh5.7.1.jar:/Users/qiguo/.m2/repository/javax/xml/bind/jaxb-api/2.2.2/jaxb-api-2.2.2.jar:/Users/qiguo/.m2/repository/javax/xml/stream/stax-api/1.0-2/stax-api-1.0-2.jar:/Users/qiguo/.m2/repository/javax/activation/activation/1.1/activation-1.1.jar:/Users/qiguo/.m2/repository/com/sun/jersey/jersey-client/1.9/jersey-client-1.9.jar:/Users/qiguo/.m2/repository/org/codehaus/jackson/jackson-jaxrs/1.8.8/jackson-jaxrs-1.8.8.jar:/Users/qiguo/.m2/repository/org/codehaus/jackson/jackson-xc/1.8.8/jackson-xc-1.8.8.jar:/Users/qiguo/.m2/repository/com/google/inject/guice/3.0/guice-3.0.jar:/Users/qiguo/.m2/repository/javax/inject/javax.inject/1/javax.inject-1.jar:/Users/qiguo/.m2/repository/aopalliance/aopalliance/1.0/aopalliance-1.0.jar:/Users/qiguo/.m2/repository/com/sun/jersey/contribs/jersey-guice/1.9/jersey-guice-1.9.jar:/Users/qiguo/.m2/repository/com/google/protobuf/protobuf-java/2.5.0/protobuf-java-2.5.0.jar:/Users/qiguo/.m2/repository/org/apache/avro/avro/1.7.6-cdh5.7.1/avro-1.7.6-cdh5.7.1.jar:/Users/qiguo/.m2/repository/com/thoughtworks/paranamer/paranamer/2.3/paranamer-2.3.jar:/Users/qiguo/.m2/repository/org/xerial/snappy/snappy-java/1.0.4.1/snappy-java-1.0.4.1.jar:/Users/qiguo/.m2/repository/org/slf4j/slf4j-api/1.7.5/slf4j-api-1.7.5.jar:/Users/qiguo/.m2/repository/org/slf4j/slf4j-log4j12/1.7.5/slf4j-log4j12-1.7.5.jar:/Users/qiguo/.m2/repository/org/apache/hadoop/hadoop-annotations/2.6.0-cdh5.7.1/hadoop-annotations-2.6.0-cdh5.7.1.jar:/Users/qiguo/.m2/repository/com/google/inject/extensions/guice-servlet/3.0/guice-servlet-3.0.jar:/Users/qiguo/.m2/repository/io/netty/netty/3.6.2.Final/netty-3.6.2.Final.jar:/Users/qiguo/.m2/repository/org/apache/hadoop/hadoop-hdfs/2.6.0-cdh5.7.1/hadoop-hdfs-2.6.0-cdh5.7.1.jar:/Users/qiguo/.m2/repository/com/google/guava/guava/11.0.2/guava-11.0.2.jar:/Users/qiguo/.m2/repository/org/mortbay/jetty/jetty/6.1.26.cloudera.4/jetty-6.1.26.cloudera.4.jar:/Users/qiguo/.m2/repository/org/mortbay/jetty/jetty-util/6.1.26.cloudera.4/jetty-util-6.1.26.cloudera.4.jar:/Users/qiguo/.m2/repository/com/sun/jersey/jersey-core/1.9/jersey-core-1.9.jar:/Users/qiguo/.m2/repository/com/sun/jersey/jersey-server/1.9/jersey-server-1.9.jar:/Users/qiguo/.m2/repository/asm/asm/3.1/asm-3.1.jar:/Users/qiguo/.m2/repository/commons-cli/commons-cli/1.2/commons-cli-1.2.jar:/Users/qiguo/.m2/repository/commons-codec/commons-codec/1.4/commons-codec-1.4.jar:/Users/qiguo/.m2/repository/commons-io/commons-io/2.4/commons-io-2.4.jar:/Users/qiguo/.m2/repository/commons-lang/commons-lang/2.6/commons-lang-2.6.jar:/Users/qiguo/.m2/repository/commons-logging/commons-logging/1.1.3/commons-logging-1.1.3.jar:/Users/qiguo/.m2/repository/commons-daemon/commons-daemon/1.0.13/commons-daemon-1.0.13.jar:/Users/qiguo/.m2/repository/javax/servlet/jsp/jsp-api/2.1/jsp-api-2.1.jar:/Users/qiguo/.m2/repository/log4j/log4j/1.2.17/log4j-1.2.17.jar:/Users/qiguo/.m2/repository/javax/servlet/servlet-api/2.5/servlet-api-2.5.jar:/Users/qiguo/.m2/repository/org/codehaus/jackson/jackson-core-asl/1.8.8/jackson-core-asl-1.8.8.jar:/Users/qiguo/.m2/repository/org/codehaus/jackson/jackson-mapper-asl/1.8.8/jackson-mapper-asl-1.8.8.jar:/Users/qiguo/.m2/repository/tomcat/jasper-runtime/5.5.23/jasper-runtime-5.5.23.jar:/Users/qiguo/.m2/repository/xmlenc/xmlenc/0.52/xmlenc-0.52.jar:/Users/qiguo/.m2/repository/io/netty/netty-all/4.0.23.Final/netty-all-4.0.23.Final.jar:/Users/qiguo/.m2/repository/xerces/xercesImpl/2.9.1/xercesImpl-2.9.1.jar:/Users/qiguo/.m2/repository/xml-apis/xml-apis/1.3.04/xml-apis-1.3.04.jar:/Users/qiguo/.m2/repository/org/apache/htrace/htrace-core4/4.0.1-incubating/htrace-core4-4.0.1-incubating.jar:/Users/qiguo/.m2/repository/org/fusesource/leveldbjni/leveldbjni-all/1.8/leveldbjni-all-1.8.jar:/Users/qiguo/.m2/repository/com/google/code/gson/gson/2.2.4/gson-2.2.4.jar:/Users/qiguo/.m2/repository/org/apache/hadoop/hadoop-common/2.6.0-cdh5.7.1/hadoop-common-2.6.0-cdh5.7.1.jar:/Users/qiguo/.m2/repository/org/apache/commons/commons-math3/3.1.1/commons-math3-3.1.1.jar:/Users/qiguo/.m2/repository/commons-httpclient/commons-httpclient/3.1/commons-httpclient-3.1.jar:/Users/qiguo/.m2/repository/commons-net/commons-net/3.1/commons-net-3.1.jar:/Users/qiguo/.m2/repository/commons-collections/commons-collections/3.2.2/commons-collections-3.2.2.jar:/Users/qiguo/.m2/repository/com/sun/jersey/jersey-json/1.9/jersey-json-1.9.jar:/Users/qiguo/.m2/repository/org/codehaus/jettison/jettison/1.1/jettison-1.1.jar:/Users/qiguo/.m2/repository/com/sun/xml/bind/jaxb-impl/2.2.3-1/jaxb-impl-2.2.3-1.jar:/Users/qiguo/.m2/repository/tomcat/jasper-compiler/5.5.23/jasper-compiler-5.5.23.jar:/Users/qiguo/.m2/repository/commons-el/commons-el/1.0/commons-el-1.0.jar:/Users/qiguo/.m2/repository/net/java/dev/jets3t/jets3t/0.9.0/jets3t-0.9.0.jar:/Users/qiguo/.m2/repository/org/apache/httpcomponents/httpclient/4.1.2/httpclient-4.1.2.jar:/Users/qiguo/.m2/repository/org/apache/httpcomponents/httpcore/4.1.2/httpcore-4.1.2.jar:/Users/qiguo/.m2/repository/com/jamesmurty/utils/java-xmlbuilder/0.4/java-xmlbuilder-0.4.jar:/Users/qiguo/.m2/repository/commons-configuration/commons-configuration/1.6/commons-configuration-1.6.jar:/Users/qiguo/.m2/repository/commons-digester/commons-digester/1.8/commons-digester-1.8.jar:/Users/qiguo/.m2/repository/commons-beanutils/commons-beanutils/1.7.0/commons-beanutils-1.7.0.jar:/Users/qiguo/.m2/repository/commons-beanutils/commons-beanutils-core/1.8.0/commons-beanutils-core-1.8.0.jar:/Users/qiguo/.m2/repository/org/apache/hadoop/hadoop-auth/2.6.0-cdh5.7.1/hadoop-auth-2.6.0-cdh5.7.1.jar:/Users/qiguo/.m2/repository/org/apache/directory/server/apacheds-kerberos-codec/2.0.0-M15/apacheds-kerberos-codec-2.0.0-M15.jar:/Users/qiguo/.m2/repository/org/apache/directory/server/apacheds-i18n/2.0.0-M15/apacheds-i18n-2.0.0-M15.jar:/Users/qiguo/.m2/repository/org/apache/directory/api/api-asn1-api/1.0.0-M20/api-asn1-api-1.0.0-M20.jar:/Users/qiguo/.m2/repository/org/apache/directory/api/api-util/1.0.0-M20/api-util-1.0.0-M20.jar:/Users/qiguo/.m2/repository/org/apache/curator/curator-framework/2.7.1/curator-framework-2.7.1.jar:/Users/qiguo/.m2/repository/com/jcraft/jsch/0.1.42/jsch-0.1.42.jar:/Users/qiguo/.m2/repository/org/apache/curator/curator-client/2.7.1/curator-client-2.7.1.jar:/Users/qiguo/.m2/repository/org/apache/curator/curator-recipes/2.7.1/curator-recipes-2.7.1.jar:/Users/qiguo/.m2/repository/com/google/code/findbugs/jsr305/3.0.0/jsr305-3.0.0.jar:/Users/qiguo/.m2/repository/org/apache/zookeeper/zookeeper/3.4.5-cdh5.7.1/zookeeper-3.4.5-cdh5.7.1.jar:/Users/qiguo/.m2/repository/org/apache/commons/commons-compress/1.4.1/commons-compress-1.4.1.jar:/Users/qiguo/.m2/repository/org/tukaani/xz/1.0/xz-1.0.jar:/Users/qiguo/.m2/repository/de/bwaldvogel/liblinear/1.95/liblinear-1.95.jar:"/>
    <property name="java.vm.specification.version" value="1.8"/>
    <property name="sun.arch.data.model" value="64"/>
    <property name="java.home" value="/Library/Java/JavaVirtualMachines/jdk1.8.0_131.jdk/Contents/Home/jre"/>
    <property name="sun.java.command" value="/Users/qiguo/Documents/workspace/eclipseWork/recommend/target/surefire/surefirebooter7792744819883935834.jar /Users/qiguo/Documents/workspace/eclipseWork/recommend/target/surefire/surefire1048904544392620028tmp /Users/qiguo/Documents/workspace/eclipseWork/recommend/target/surefire/surefire1521359045760936309tmp"/>
    <property name="java.specification.vendor" value="Oracle Corporation"/>
    <property name="user.language" value="zh"/>
    <property name="awt.toolkit" value="sun.lwawt.macosx.LWCToolkit"/>
    <property name="java.vm.info" value="mixed mode"/>
    <property name="java.version" value="1.8.0_131"/>
    <property name="java.ext.dirs" value="/Users/qiguo/Library/Java/Extensions:/Library/Java/JavaVirtualMachines/jdk1.8.0_131.jdk/Contents/Home/jre/lib/ext:/Library/Java/Extensions:/Network/Library/Java/Extensions:/System/Library/Java/Extensions:/usr/lib/java"/>
    <property name="sun.boot.class.path" value="/Library/Java/JavaVirtualMachines/jdk1.8.0_131.jdk/Contents/Home/jre/lib/resources.jar:/Library/Java/JavaVirtualMachines/jdk1.8.0_131.jdk/Contents/Home/jre/lib/rt.jar:/Library/Java/JavaVirtualMachines/jdk1.8.0_131.jdk/Contents/Home/jre/lib/sunrsasign.jar:/Library/Java/JavaVirtualMachines/jdk1.8.0_131.jdk/Contents/Home/jre/lib/jsse.jar:/Library/Java/JavaVirtualMachines/jdk1.8.0_131.jdk/Contents/Home/jre/lib/jce.jar:/Library/Java/JavaVirtualMachines/jdk1.8.0_131.jdk/Contents/Home/jre/lib/charsets.jar:/Library/Java/JavaVirtualMachines/jdk1.8.0_131.jdk/Contents/Home/jre/lib/jfr.jar:/Library/Java/JavaVirtualMachines/jdk1.8.0_131.jdk/Contents/Home/jre/classes"/>
    <property name="java.vendor" value="Oracle Corporation"/>
    <property name="localRepository" value="/Users/qiguo/.m2/repository"/>
    <property name="file.separator" value="/"/>
    <property name="java.vendor.url.bug" value="http://bugreport.sun.com/bugreport/"/>
    <property name="sun.cpu.endian" value="little"/>
    <property name="sun.io.unicode.encoding" value="UnicodeBig"/>
    <property name="sun.cpu.isalist" value=""/>
  </properties>
  <testcase classname="recommend.AppTest" name="testApp" time="0.001"/>
</testsuite>